#
# There is insufficient memory for the Java Runtime Environment to continue.
# Native memory allocation (mmap) failed to map 71303168 bytes for committing reserved memory.
# Possible reasons:
#   The system is out of physical RAM or swap space
#   In 32 bit mode, the process size limit was hit
# Possible solutions:
#   Reduce memory load on the system
#   Increase physical memory or swap space
#   Check if swap backing store is full
#   Use 64 bit Java on a 64 bit OS
#   Decrease Java heap size (-Xmx/-Xms)
#   Decrease number of Java threads
#   Decrease Java thread stack sizes (-Xss)
#   Set larger code cache with -XX:ReservedCodeCacheSize=
# This output file may be truncated or incomplete.
#
#  Out of Memory Error (os_linux.cpp:2627), pid=11251, tid=0x00007f64114b2700
#
# JRE version: Java(TM) SE Runtime Environment (8.0_92-b14) (build 1.8.0_92-b14)
# Java VM: Java HotSpot(TM) 64-Bit Server VM (25.92-b14 mixed mode linux-amd64 compressed oops)
# Failed to write core dump. Core dumps have been disabled. To enable core dumping, try "ulimit -c unlimited" before starting Java again
#

---------------  T H R E A D  ---------------

Current thread (0x00007f6428078000):  VMThread [stack: 0x00007f64113b2000,0x00007f64114b3000] [id=11261]

Stack: [0x00007f64113b2000,0x00007f64114b3000],  sp=0x00007f64114b0fa0,  free space=1019k
Native frames: (J=compiled Java code, j=interpreted, Vv=VM code, C=native code)
V  [libjvm.so+0xabd65a]  VMError::report_and_die()+0x2ba
V  [libjvm.so+0x4fb4db]  report_vm_out_of_memory(char const*, int, unsigned long, VMErrorType, char const*)+0x8b
V  [libjvm.so+0x91d713]  os::Linux::commit_memory_impl(char*, unsigned long, bool)+0x103
V  [libjvm.so+0x91dc69]  os::pd_commit_memory(char*, unsigned long, unsigned long, bool)+0x29
V  [libjvm.so+0x917f6a]  os::commit_memory(char*, unsigned long, unsigned long, bool)+0x2a
V  [libjvm.so+0x98c343]  PSVirtualSpace::expand_by(unsigned long)+0x53
V  [libjvm.so+0x98d748]  PSYoungGen::resize_generation(unsigned long, unsigned long)+0xf8
V  [libjvm.so+0x98c8a2]  PSYoungGen::resize(unsigned long, unsigned long)+0x22
V  [libjvm.so+0x989b7b]  PSScavenge::invoke_no_policy()+0xf3b
V  [libjvm.so+0x98a301]  PSScavenge::invoke()+0x41
V  [libjvm.so+0x941410]  ParallelScavengeHeap::failed_mem_allocate(unsigned long)+0x70
V  [libjvm.so+0xabf077]  VM_ParallelGCFailedAllocation::doit()+0x97
V  [libjvm.so+0xac6aa5]  VM_Operation::evaluate()+0x55
V  [libjvm.so+0xac4e7a]  VMThread::evaluate_operation(VM_Operation*)+0xba
V  [libjvm.so+0xac51fe]  VMThread::loop()+0x1ce
V  [libjvm.so+0xac5670]  VMThread::run()+0x70
V  [libjvm.so+0x91fad8]  java_start(Thread*)+0x108

VM_Operation (0x00007f642fb35260): ParallelGCFailedAllocation, mode: safepoint, requested by thread 0x00007f642800a000


---------------  P R O C E S S  ---------------

Java Threads: ( => current thread )
  0x00007f642814a000 JavaThread "pool-2-thread-4" [_thread_blocked, id=11274, stack(0x00007f6410511000,0x00007f6410612000)]
  0x00007f6428148800 JavaThread "pool-2-thread-3" [_thread_blocked, id=11273, stack(0x00007f6410612000,0x00007f6410713000)]
  0x00007f6428147800 JavaThread "pool-2-thread-2" [_thread_blocked, id=11272, stack(0x00007f6410713000,0x00007f6410814000)]
  0x00007f642813a800 JavaThread "pool-3-thread-1" [_thread_blocked, id=11271, stack(0x00007f6410814000,0x00007f6410915000)]
  0x00007f6428138800 JavaThread "pool-2-thread-1" [_thread_blocked, id=11270, stack(0x00007f6410915000,0x00007f6410a16000)]
  0x00007f64280c2800 JavaThread "Service Thread" daemon [_thread_blocked, id=11268, stack(0x00007f6410b3c000,0x00007f6410c3d000)]
  0x00007f64280bf800 JavaThread "C1 CompilerThread2" daemon [_thread_blocked, id=11267, stack(0x00007f6410c3d000,0x00007f6410d3e000)]
  0x00007f64280bd800 JavaThread "C2 CompilerThread1" daemon [_thread_blocked, id=11266, stack(0x00007f6410d3e000,0x00007f6410e3f000)]
  0x00007f64280ba800 JavaThread "C2 CompilerThread0" daemon [_thread_blocked, id=11265, stack(0x00007f6410e3f000,0x00007f6410f40000)]
  0x00007f64280b9000 JavaThread "Signal Dispatcher" daemon [_thread_blocked, id=11264, stack(0x00007f6410f40000,0x00007f6411041000)]
  0x00007f6428084000 JavaThread "Finalizer" daemon [_thread_blocked, id=11263, stack(0x00007f64111b0000,0x00007f64112b1000)]
  0x00007f642807f800 JavaThread "Reference Handler" daemon [_thread_blocked, id=11262, stack(0x00007f64112b1000,0x00007f64113b2000)]
  0x00007f642800a000 JavaThread "main" [_thread_blocked, id=11253, stack(0x00007f642fa36000,0x00007f642fb37000)]

Other Threads:
=>0x00007f6428078000 VMThread [stack: 0x00007f64113b2000,0x00007f64114b3000] [id=11261]
  0x00007f64280c5000 WatcherThread [stack: 0x00007f6410a3b000,0x00007f6410b3c000] [id=11269]

VM state:at safepoint (normal execution)

VM Mutex/Monitor currently owned by a thread:  ([mutex/lock_event])
[0x00007f6428006410] Threads_lock - owner thread: 0x00007f6428078000
[0x00007f6428006910] Heap_lock - owner thread: 0x00007f642800a000

Heap:
 PSYoungGen      total 70656K, used 9710K [0x00000000eab00000, 0x00000000efa00000, 0x0000000100000000)
  eden space 60928K, 0% used [0x00000000eab00000,0x00000000eab00000,0x00000000ee680000)
  from space 9728K, 99% used [0x00000000ee680000,0x00000000eeffba98,0x00000000ef000000)
  to   space 9216K, 0% used [0x00000000ef000000,0x00000000ef000000,0x00000000ef900000)
 ParOldGen       total 40960K, used 17675K [0x00000000c0000000, 0x00000000c2800000, 0x00000000eab00000)
  object space 40960K, 43% used [0x00000000c0000000,0x00000000c1142ce0,0x00000000c2800000)
 Metaspace       used 5984K, capacity 6960K, committed 7040K, reserved 1056768K
  class space    used 593K, capacity 616K, committed 640K, reserved 1048576K

Card table byte_map: [0x00007f642c62a000,0x00007f642c82b000] byte_map_base: 0x00007f642c02a000

Marking Bits: (ParMarkBitMap*) 0x00007f642ef3a4c0
 Begin Bits: [0x00007f6412000000, 0x00007f6413000000)
 End Bits:   [0x00007f6413000000, 0x00007f6414000000)

Polling page: 0x00007f642fb66000

CodeCache: size=245760Kb used=5217Kb max_used=5217Kb free=240542Kb
 bounds [0x00007f6419000000, 0x00007f6419520000, 0x00007f6428000000]
 total_blobs=1625 nmethods=1357 adapters=182
 compilation: enabled

Compilation events (10 events):
Event: 6.088 Thread 0x00007f64280bf800 nmethod 1568 0x00007f6419519310 code [0x00007f6419519480, 0x00007f6419519608]
Event: 6.088 Thread 0x00007f64280bf800 1564       2       com.android.dx.dex.file.StringIdsSection::intern (13 bytes)
Event: 6.089 Thread 0x00007f64280bf800 nmethod 1564 0x00007f64195196d0 code [0x00007f6419519860, 0x00007f6419519b18]
Event: 6.089 Thread 0x00007f64280bf800 1565       2       com.android.dx.dex.file.StringIdItem::<init> (29 bytes)
Event: 6.089 Thread 0x00007f64280bf800 nmethod 1565 0x00007f6419519c50 code [0x00007f6419519dc0, 0x00007f6419519fe8]
Event: 6.089 Thread 0x00007f64280bf800 1566  s    2       com.android.dx.dex.file.StringIdsSection::intern (53 bytes)
Event: 6.094 Thread 0x00007f64280bf800 nmethod 1566 0x00007f641951a0d0 code [0x00007f641951a280, 0x00007f641951a7d8]
Event: 6.094 Thread 0x00007f64280bf800 1577       2       com.android.dx.ssa.ConstCollector::updateConstUses (248 bytes)
Event: 6.096 Thread 0x00007f64280bf800 nmethod 1577 0x00007f641951ab10 code [0x00007f641951ada0, 0x00007f641951b778]
Event: 6.096 Thread 0x00007f64280bf800 1579       2       com.android.dx.dex.code.BlockAddresses::setupArrays (113 bytes)

GC Heap History (10 events):
Event: 3.008 GC heap after
Heap after GC invocations=2 (full 0):
 PSYoungGen      total 17920K, used 2541K [0x00000000eab00000, 0x00000000ece00000, 0x0000000100000000)
  eden space 15360K, 0% used [0x00000000eab00000,0x00000000eab00000,0x00000000eba00000)
  from space 2560K, 99% used [0x00000000ebc80000,0x00000000ebefb5c8,0x00000000ebf00000)
  to   space 2560K, 0% used [0x00000000eba00000,0x00000000eba00000,0x00000000ebc80000)
 ParOldGen       total 40960K, used 2073K [0x00000000c0000000, 0x00000000c2800000, 0x00000000eab00000)
  object space 40960K, 5% used [0x00000000c0000000,0x00000000c02067e8,0x00000000c2800000)
 Metaspace       used 5704K, capacity 6704K, committed 6784K, reserved 1056768K
  class space    used 590K, capacity 616K, committed 640K, reserved 1048576K
}
Event: 3.765 GC heap before
{Heap before GC invocations=3 (full 0):
 PSYoungGen      total 17920K, used 17901K [0x00000000eab00000, 0x00000000ece00000, 0x0000000100000000)
  eden space 15360K, 100% used [0x00000000eab00000,0x00000000eba00000,0x00000000eba00000)
  from space 2560K, 99% used [0x00000000ebc80000,0x00000000ebefb5c8,0x00000000ebf00000)
  to   space 2560K, 0% used [0x00000000eba00000,0x00000000eba00000,0x00000000ebc80000)
 ParOldGen       total 40960K, used 2073K [0x00000000c0000000, 0x00000000c2800000, 0x00000000eab00000)
  object space 40960K, 5% used [0x00000000c0000000,0x00000000c02067e8,0x00000000c2800000)
 Metaspace       used 5784K, capacity 6768K, committed 7040K, reserved 1056768K
  class space    used 592K, capacity 616K, committed 640K, reserved 1048576K
Event: 3.803 GC heap after
Heap after GC invocations=3 (full 0):
 PSYoungGen      total 17920K, used 2540K [0x00000000eab00000, 0x00000000ece00000, 0x0000000100000000)
  eden space 15360K, 0% used [0x00000000eab00000,0x00000000eab00000,0x00000000eba00000)
  from space 2560K, 99% used [0x00000000eba00000,0x00000000ebc7b338,0x00000000ebc80000)
  to   space 2560K, 0% used [0x00000000ecb80000,0x00000000ecb80000,0x00000000ece00000)
 ParOldGen       total 40960K, used 4913K [0x00000000c0000000, 0x00000000c2800000, 0x00000000eab00000)
  object space 40960K, 11% used [0x00000000c0000000,0x00000000c04cc7e8,0x00000000c2800000)
 Metaspace       used 5784K, capacity 6768K, committed 7040K, reserved 1056768K
  class space    used 592K, capacity 616K, committed 640K, reserved 1048576K
}
Event: 4.177 GC heap before
{Heap before GC invocations=4 (full 0):
 PSYoungGen      total 17920K, used 17900K [0x00000000eab00000, 0x00000000ece00000, 0x0000000100000000)
  eden space 15360K, 100% used [0x00000000eab00000,0x00000000eba00000,0x00000000eba00000)
  from space 2560K, 99% used [0x00000000eba00000,0x00000000ebc7b338,0x00000000ebc80000)
  to   space 2560K, 0% used [0x00000000ecb80000,0x00000000ecb80000,0x00000000ece00000)
 ParOldGen       total 40960K, used 4913K [0x00000000c0000000, 0x00000000c2800000, 0x00000000eab00000)
  object space 40960K, 11% used [0x00000000c0000000,0x00000000c04cc7e8,0x00000000c2800000)
 Metaspace       used 5821K, capacity 6832K, committed 7040K, reserved 1056768K
  class space    used 592K, capacity 616K, committed 640K, reserved 1048576K
Event: 4.205 GC heap after
Heap after GC invocations=4 (full 0):
 PSYoungGen      total 33280K, used 2540K [0x00000000eab00000, 0x00000000ece00000, 0x0000000100000000)
  eden space 30720K, 0% used [0x00000000eab00000,0x00000000eab00000,0x00000000ec900000)
  from space 2560K, 99% used [0x00000000ecb80000,0x00000000ecdfb338,0x00000000ece00000)
  to   space 2560K, 0% used [0x00000000ec900000,0x00000000ec900000,0x00000000ecb80000)
 ParOldGen       total 40960K, used 7157K [0x00000000c0000000, 0x00000000c2800000, 0x00000000eab00000)
  object space 40960K, 17% used [0x00000000c0000000,0x00000000c06fd738,0x00000000c2800000)
 Metaspace       used 5821K, capacity 6832K, committed 7040K, reserved 1056768K
  class space    used 592K, capacity 616K, committed 640K, reserved 1048576K
}
Event: 4.908 GC heap before
{Heap before GC invocations=5 (full 0):
 PSYoungGen      total 33280K, used 33260K [0x00000000eab00000, 0x00000000ece00000, 0x0000000100000000)
  eden space 30720K, 100% used [0x00000000eab00000,0x00000000ec900000,0x00000000ec900000)
  from space 2560K, 99% used [0x00000000ecb80000,0x00000000ecdfb338,0x00000000ece00000)
  to   space 2560K, 0% used [0x00000000ec900000,0x00000000ec900000,0x00000000ecb80000)
 ParOldGen       total 40960K, used 7157K [0x00000000c0000000, 0x00000000c2800000, 0x00000000eab00000)
  object space 40960K, 17% used [0x00000000c0000000,0x00000000c06fd738,0x00000000c2800000)
 Metaspace       used 5880K, capacity 6832K, committed 7040K, reserved 1056768K
  class space    used 593K, capacity 616K, committed 640K, reserved 1048576K
Event: 4.966 GC heap after
Heap after GC invocations=5 (full 0):
 PSYoungGen      total 33280K, used 2545K [0x00000000eab00000, 0x00000000ef900000, 0x0000000100000000)
  eden space 30720K, 0% used [0x00000000eab00000,0x00000000eab00000,0x00000000ec900000)
  from space 2560K, 99% used [0x00000000ec900000,0x00000000ecb7c5d0,0x00000000ecb80000)
  to   space 9216K, 0% used [0x00000000ef000000,0x00000000ef000000,0x00000000ef900000)
 ParOldGen       total 40960K, used 11955K [0x00000000c0000000, 0x00000000c2800000, 0x00000000eab00000)
  object space 40960K, 29% used [0x00000000c0000000,0x00000000c0baccb0,0x00000000c2800000)
 Metaspace       used 5880K, capacity 6832K, committed 7040K, reserved 1056768K
  class space    used 593K, capacity 616K, committed 640K, reserved 1048576K
}
Event: 5.437 GC heap before
{Heap before GC invocations=6 (full 0):
 PSYoungGen      total 33280K, used 33265K [0x00000000eab00000, 0x00000000ef900000, 0x0000000100000000)
  eden space 30720K, 100% used [0x00000000eab00000,0x00000000ec900000,0x00000000ec900000)
  from space 2560K, 99% used [0x00000000ec900000,0x00000000ecb7c5d0,0x00000000ecb80000)
  to   space 9216K, 0% used [0x00000000ef000000,0x00000000ef000000,0x00000000ef900000)
 ParOldGen       total 40960K, used 11955K [0x00000000c0000000, 0x00000000c2800000, 0x00000000eab00000)
  object space 40960K, 29% used [0x00000000c0000000,0x00000000c0baccb0,0x00000000c2800000)
 Metaspace       used 5916K, capacity 6896K, committed 7040K, reserved 1056768K
  class space    used 593K, capacity 616K, committed 640K, reserved 1048576K
Event: 5.473 GC heap after
Heap after GC invocations=6 (full 0):
 PSYoungGen      total 70144K, used 7233K [0x00000000eab00000, 0x00000000efa00000, 0x0000000100000000)
  eden space 60928K, 0% used [0x00000000eab00000,0x00000000eab00000,0x00000000ee680000)
  from space 9216K, 78% used [0x00000000ef000000,0x00000000ef7105c0,0x00000000ef900000)
  to   space 9728K, 0% used [0x00000000ee680000,0x00000000ee680000,0x00000000ef000000)
 ParOldGen       total 40960K, used 11955K [0x00000000c0000000, 0x00000000c2800000, 0x00000000eab00000)
  object space 40960K, 29% used [0x00000000c0000000,0x00000000c0baccb0,0x00000000c2800000)
 Metaspace       used 5916K, capacity 6896K, committed 7040K, reserved 1056768K
  class space    used 593K, capacity 616K, committed 640K, reserved 1048576K
}
Event: 6.103 GC heap before
{Heap before GC invocations=7 (full 0):
 PSYoungGen      total 70144K, used 68161K [0x00000000eab00000, 0x00000000efa00000, 0x0000000100000000)
  eden space 60928K, 100% used [0x00000000eab00000,0x00000000ee680000,0x00000000ee680000)
  from space 9216K, 78% used [0x00000000ef000000,0x00000000ef7105c0,0x00000000ef900000)
  to   space 9728K, 0% used [0x00000000ee680000,0x00000000ee680000,0x00000000ef000000)
 ParOldGen       total 40960K, used 11955K [0x00000000c0000000, 0x00000000c2800000, 0x00000000eab00000)
  object space 40960K, 29% used [0x00000000c0000000,0x00000000c0baccb0,0x00000000c2800000)
 Metaspace       used 5984K, capacity 6960K, committed 7040K, reserved 1056768K
  class space    used 593K, capacity 616K, committed 640K, reserved 1048576K

Deoptimization events (10 events):
Event: 4.222 Thread 0x00007f6428148800 Uncommon trap: reason=unstable_if action=reinterpret pc=0x00007f6419325cc4 method=com.android.dx.util.IntList.binarysearch(I)I @ 105
Event: 4.282 Thread 0x00007f6428148800 Uncommon trap: reason=null_check action=make_not_entrant pc=0x00007f64192ac208 method=com.android.dx.ssa.SsaRenamer.getLocalForNewReg(I)Lcom/android/dx/rop/code/LocalItem; @ 19
Event: 4.313 Thread 0x00007f6428147800 Uncommon trap: reason=unstable_if action=reinterpret pc=0x00007f641921e2dc method=com.android.dx.rop.cst.Constant.compareTo(Lcom/android/dx/rop/cst/Constant;)I @ 12
Event: 4.484 Thread 0x00007f6428148800 Uncommon trap: reason=bimorphic action=maybe_recompile pc=0x00007f641935cc4c method=java.util.HashMap.getNode(ILjava/lang/Object;)Ljava/util/HashMap$Node; @ 126
Event: 4.484 Thread 0x00007f6428148800 Uncommon trap: reason=bimorphic action=maybe_recompile pc=0x00007f641935cc4c method=java.util.HashMap.getNode(ILjava/lang/Object;)Ljava/util/HashMap$Node; @ 126
Event: 4.484 Thread 0x00007f6428148800 Uncommon trap: reason=bimorphic action=maybe_recompile pc=0x00007f641935cc4c method=java.util.HashMap.getNode(ILjava/lang/Object;)Ljava/util/HashMap$Node; @ 126
Event: 4.484 Thread 0x00007f6428148800 Uncommon trap: reason=bimorphic action=maybe_recompile pc=0x00007f641935cc4c method=java.util.HashMap.getNode(ILjava/lang/Object;)Ljava/util/HashMap$Node; @ 126
Event: 4.485 Thread 0x00007f6428148800 Uncommon trap: reason=bimorphic action=maybe_recompile pc=0x00007f6419217cb8 method=java.util.HashMap.getNode(ILjava/lang/Object;)Ljava/util/HashMap$Node; @ 126
Event: 4.660 Thread 0x00007f6428148800 Uncommon trap: reason=unstable_if action=reinterpret pc=0x00007f641933163c method=com.android.dx.ssa.SsaMethod.updateOneDefinition(Lcom/android/dx/ssa/SsaInsn;Lcom/android/dx/rop/code/RegisterSpec;)V @ 4
Event: 5.531 Thread 0x00007f6428148800 Uncommon trap: reason=unstable_if action=reinterpret pc=0x00007f641940ec1c method=com.android.dx.ssa.SsaRenamer$BlockRenamer.visitMoveInsn(Lcom/android/dx/ssa/NormalSsaInsn;)V @ 104

Internal exceptions (3 events):
Event: 0.250 Thread 0x00007f642800a000 Exception <a 'java/lang/NoSuchMethodError': Method sun.misc.Unsafe.defineClass(Ljava/lang/String;[BII)Ljava/lang/Class; name or signature does not match> (0x00000000eab07cc0) thrown at [/HUDSON/workspace/8-2-build-linux-amd64/jdk8u92/6642/hotspot/src/shar
Event: 0.250 Thread 0x00007f642800a000 Exception <a 'java/lang/NoSuchMethodError': Method sun.misc.Unsafe.prefetchRead(Ljava/lang/Object;J)V name or signature does not match> (0x00000000eab07fa8) thrown at [/HUDSON/workspace/8-2-build-linux-amd64/jdk8u92/6642/hotspot/src/share/vm/prims/jni.cpp
Event: 4.282 Thread 0x00007f6428148800 Implicit null exception at 0x00007f64192a9e13 to 0x00007f64192ac1c1

Events (10 events):
Event: 5.828 Thread 0x00007f642814a000 DEOPT UNPACKING pc=0x00007f6419047633 sp=0x00007f641060fe98 mode 0
Event: 5.943 Thread 0x00007f6428148800 DEOPT PACKING pc=0x00007f64193d07f6 sp=0x00007f6410711060
Event: 5.943 Thread 0x00007f6428148800 DEOPT UNPACKING pc=0x00007f6419047633 sp=0x00007f6410710de8 mode 0
Event: 5.969 Thread 0x00007f642814a000 DEOPT PACKING pc=0x00007f641941ab30 sp=0x00007f6410610000
Event: 5.969 Thread 0x00007f642814a000 DEOPT UNPACKING pc=0x00007f6419047633 sp=0x00007f641060fe10 mode 0
Event: 6.031 Thread 0x00007f642800a000 DEOPT PACKING pc=0x00007f641938382c sp=0x00007f642fb34a00
Event: 6.031 Thread 0x00007f642800a000 DEOPT UNPACKING pc=0x00007f6419047633 sp=0x00007f642fb34700 mode 0
Event: 6.070 Thread 0x00007f642800a000 DEOPT PACKING pc=0x00007f64193d30be sp=0x00007f642fb346d0
Event: 6.070 Thread 0x00007f642800a000 DEOPT UNPACKING pc=0x00007f6419047633 sp=0x00007f642fb344f8 mode 0
Event: 6.101 Executing VM operation: ParallelGCFailedAllocation


Dynamic libraries:
00400000-00401000 r-xp 00000000 08:01 1058181                            /opt/jdk1.8.0_92/bin/java
00600000-00601000 rw-p 00000000 08:01 1058181                            /opt/jdk1.8.0_92/bin/java
02243000-02264000 rw-p 00000000 00:00 0                                  [heap]
c0000000-c2800000 rw-p 00000000 00:00 0 
c2800000-eab00000 ---p 00000000 00:00 0 
eab00000-efa00000 rw-p 00000000 00:00 0 
f3e00000-100000000 ---p 00000000 00:00 0 
100000000-1000a0000 rw-p 00000000 00:00 0 
1000a0000-140000000 ---p 00000000 00:00 0 
7f63c4000000-7f63c4021000 rw-p 00000000 00:00 0 
7f63c4021000-7f63c8000000 ---p 00000000 00:00 0 
7f63cc000000-7f63cc021000 rw-p 00000000 00:00 0 
7f63cc021000-7f63d0000000 ---p 00000000 00:00 0 
7f63d0000000-7f63d002c000 rw-p 00000000 00:00 0 
7f63d002c000-7f63d4000000 ---p 00000000 00:00 0 
7f63d4000000-7f63d4021000 rw-p 00000000 00:00 0 
7f63d4021000-7f63d8000000 ---p 00000000 00:00 0 
7f63d8000000-7f63d8021000 rw-p 00000000 00:00 0 
7f63d8021000-7f63dc000000 ---p 00000000 00:00 0 
7f63dc000000-7f63dc021000 rw-p 00000000 00:00 0 
7f63dc021000-7f63e0000000 ---p 00000000 00:00 0 
7f63e0000000-7f63e0021000 rw-p 00000000 00:00 0 
7f63e0021000-7f63e4000000 ---p 00000000 00:00 0 
7f63e4000000-7f63e439e000 rw-p 00000000 00:00 0 
7f63e439e000-7f63e8000000 ---p 00000000 00:00 0 
7f63e8000000-7f63e880c000 rw-p 00000000 00:00 0 
7f63e880c000-7f63ec000000 ---p 00000000 00:00 0 
7f63ec000000-7f63ec021000 rw-p 00000000 00:00 0 
7f63ec021000-7f63f0000000 ---p 00000000 00:00 0 
7f63f0000000-7f63f0641000 rw-p 00000000 00:00 0 
7f63f0641000-7f63f4000000 ---p 00000000 00:00 0 
7f63f4000000-7f63f4021000 rw-p 00000000 00:00 0 
7f63f4021000-7f63f8000000 ---p 00000000 00:00 0 
7f63f8000000-7f63f8021000 rw-p 00000000 00:00 0 
7f63f8021000-7f63fc000000 ---p 00000000 00:00 0 
7f63fc000000-7f63fc021000 rw-p 00000000 00:00 0 
7f63fc021000-7f6400000000 ---p 00000000 00:00 0 
7f6400000000-7f640028b000 rw-p 00000000 00:00 0 
7f640028b000-7f6404000000 ---p 00000000 00:00 0 
7f6404000000-7f6404021000 rw-p 00000000 00:00 0 
7f6404021000-7f6408000000 ---p 00000000 00:00 0 
7f640c000000-7f640c021000 rw-p 00000000 00:00 0 
7f640c021000-7f6410000000 ---p 00000000 00:00 0 
7f6410511000-7f6410514000 ---p 00000000 00:00 0 
7f6410514000-7f6410612000 rw-p 00000000 00:00 0                          [stack:11274]
7f6410612000-7f6410615000 ---p 00000000 00:00 0 
7f6410615000-7f6410713000 rw-p 00000000 00:00 0                          [stack:11273]
7f6410713000-7f6410716000 ---p 00000000 00:00 0 
7f6410716000-7f6410814000 rw-p 00000000 00:00 0                          [stack:11272]
7f6410814000-7f6410817000 ---p 00000000 00:00 0 
7f6410817000-7f6410915000 rw-p 00000000 00:00 0                          [stack:11271]
7f6410915000-7f6410918000 ---p 00000000 00:00 0 
7f6410918000-7f6410a16000 rw-p 00000000 00:00 0                          [stack:11270]
7f6410a16000-7f6410a2c000 r--s 000f1000 08:01 1744312                    /home/macbookpro/ListMe/app/build/intermediates/exploded-aar/com.android.support/support-v4/23.4.0/jars/classes.jar
7f6410a2c000-7f6410a3b000 r--s 000df000 08:01 158521                     /root/Android/Sdk/build-tools/23.0.3/lib/dx.jar
7f6410a3b000-7f6410a3c000 ---p 00000000 00:00 0 
7f6410a3c000-7f6410b3c000 rw-p 00000000 00:00 0                          [stack:11269]
7f6410b3c000-7f6410b3f000 ---p 00000000 00:00 0 
7f6410b3f000-7f6410c3d000 rw-p 00000000 00:00 0                          [stack:11268]
7f6410c3d000-7f6410c40000 ---p 00000000 00:00 0 
7f6410c40000-7f6410d3e000 rw-p 00000000 00:00 0                          [stack:11267]
7f6410d3e000-7f6410d41000 ---p 00000000 00:00 0 
7f6410d41000-7f6410e3f000 rw-p 00000000 00:00 0                          [stack:11266]
7f6410e3f000-7f6410e42000 ---p 00000000 00:00 0 
7f6410e42000-7f6410f40000 rw-p 00000000 00:00 0                          [stack:11265]
7f6410f40000-7f6410f43000 ---p 00000000 00:00 0 
7f6410f43000-7f6411041000 rw-p 00000000 00:00 0                          [stack:11264]
7f6411041000-7f6411080000 r--p 00000000 08:01 1720621                    /usr/lib/locale/zu_ZA.utf8/LC_CTYPE
7f6411080000-7f64111b0000 r--p 00000000 08:01 1720619                    /usr/lib/locale/zu_ZA.utf8/LC_COLLATE
7f64111b0000-7f64111b3000 ---p 00000000 00:00 0 
7f64111b3000-7f64112b1000 rw-p 00000000 00:00 0                          [stack:11263]
7f64112b1000-7f64112b4000 ---p 00000000 00:00 0 
7f64112b4000-7f64113b2000 rw-p 00000000 00:00 0                          [stack:11262]
7f64113b2000-7f64113b3000 ---p 00000000 00:00 0 
7f64113b3000-7f6414000000 rw-p 00000000 00:00 0                          [stack:11261]
7f6414000000-7f6414021000 rw-p 00000000 00:00 0 
7f6414021000-7f6418000000 ---p 00000000 00:00 0 
7f6418002000-7f6418427000 rw-p 00000000 00:00 0 
7f6418427000-7f6418600000 r--s 03d24000 08:01 1340237                    /opt/jdk1.8.0_92/jre/lib/rt.jar
7f6418600000-7f6418c40000 rw-p 00000000 00:00 0 
7f6418c40000-7f6418e00000 ---p 00000000 00:00 0 
7f6418e00000-7f6419000000 rw-p 00000000 00:00 0 
7f6419000000-7f6419520000 rwxp 00000000 00:00 0 
7f6419520000-7f6428000000 ---p 00000000 00:00 0 
7f6428000000-7f6428392000 rw-p 00000000 00:00 0 
7f6428392000-7f642c000000 ---p 00000000 00:00 0 
7f642c00b000-7f642c0d0000 rw-p 00000000 00:00 0 
7f642c0d0000-7f642c0d1000 ---p 00000000 00:00 0 
7f642c0d1000-7f642c1d1000 rw-p 00000000 00:00 0                          [stack:11260]
7f642c1d1000-7f642c1d2000 ---p 00000000 00:00 0 
7f642c1d2000-7f642c2d2000 rw-p 00000000 00:00 0                          [stack:11259]
7f642c2d2000-7f642c2d3000 ---p 00000000 00:00 0 
7f642c2d3000-7f642c3d3000 rw-p 00000000 00:00 0                          [stack:11258]
7f642c3d3000-7f642c3d4000 ---p 00000000 00:00 0 
7f642c3d4000-7f642c4e8000 rw-p 00000000 00:00 0                          [stack:11257]
7f642c4e8000-7f642c62a000 ---p 00000000 00:00 0 
7f642c62a000-7f642c63e000 rw-p 00000000 00:00 0 
7f642c63e000-7f642c77f000 ---p 00000000 00:00 0 
7f642c77f000-7f642c7a7000 rw-p 00000000 00:00 0 
7f642c7a7000-7f642c82a000 ---p 00000000 00:00 0 
7f642c82a000-7f642c840000 rw-p 00000000 00:00 0 
7f642c840000-7f642cbeb000 ---p 00000000 00:00 0 
7f642cbeb000-7f642cc05000 r-xp 00000000 08:01 1462940                    /opt/jdk1.8.0_92/jre/lib/amd64/libzip.so
7f642cc05000-7f642ce05000 ---p 0001a000 08:01 1462940                    /opt/jdk1.8.0_92/jre/lib/amd64/libzip.so
7f642ce05000-7f642ce06000 rw-p 0001a000 08:01 1462940                    /opt/jdk1.8.0_92/jre/lib/amd64/libzip.so
7f642ce06000-7f642ce11000 r-xp 00000000 08:01 525861                     /lib/x86_64-linux-gnu/libnss_files-2.19.so
7f642ce11000-7f642d010000 ---p 0000b000 08:01 525861                     /lib/x86_64-linux-gnu/libnss_files-2.19.so
7f642d010000-7f642d011000 r--p 0000a000 08:01 525861                     /lib/x86_64-linux-gnu/libnss_files-2.19.so
7f642d011000-7f642d012000 rw-p 0000b000 08:01 525861                     /lib/x86_64-linux-gnu/libnss_files-2.19.so
7f642d012000-7f642d01c000 r-xp 00000000 08:01 525863                     /lib/x86_64-linux-gnu/libnss_nis-2.19.so
7f642d01c000-7f642d21b000 ---p 0000a000 08:01 525863                     /lib/x86_64-linux-gnu/libnss_nis-2.19.so
7f642d21b000-7f642d21c000 r--p 00009000 08:01 525863                     /lib/x86_64-linux-gnu/libnss_nis-2.19.so
7f642d21c000-7f642d21d000 rw-p 0000a000 08:01 525863                     /lib/x86_64-linux-gnu/libnss_nis-2.19.so
7f642d21d000-7f642d232000 r-xp 00000000 08:01 525858                     /lib/x86_64-linux-gnu/libnsl-2.19.so
7f642d232000-7f642d431000 ---p 00015000 08:01 525858                     /lib/x86_64-linux-gnu/libnsl-2.19.so
7f642d431000-7f642d432000 r--p 00014000 08:01 525858                     /lib/x86_64-linux-gnu/libnsl-2.19.so
7f642d432000-7f642d433000 rw-p 00015000 08:01 525858                     /lib/x86_64-linux-gnu/libnsl-2.19.so
7f642d433000-7f642d435000 rw-p 00000000 00:00 0 
7f642d435000-7f642d43c000 r-xp 00000000 08:01 525859                     /lib/x86_64-linux-gnu/libnss_compat-2.19.so
7f642d43c000-7f642d63b000 ---p 00007000 08:01 525859                     /lib/x86_64-linux-gnu/libnss_compat-2.19.so
7f642d63b000-7f642d63c000 r--p 00006000 08:01 525859                     /lib/x86_64-linux-gnu/libnss_compat-2.19.so
7f642d63c000-7f642d63d000 rw-p 00007000 08:01 525859                     /lib/x86_64-linux-gnu/libnss_compat-2.19.so
7f642d63d000-7f642d667000 r-xp 00000000 08:01 1462935                    /opt/jdk1.8.0_92/jre/lib/amd64/libjava.so
7f642d667000-7f642d867000 ---p 0002a000 08:01 1462935                    /opt/jdk1.8.0_92/jre/lib/amd64/libjava.so
7f642d867000-7f642d869000 rw-p 0002a000 08:01 1462935                    /opt/jdk1.8.0_92/jre/lib/amd64/libjava.so
7f642d869000-7f642d876000 r-xp 00000000 08:01 1462939                    /opt/jdk1.8.0_92/jre/lib/amd64/libverify.so
7f642d876000-7f642da76000 ---p 0000d000 08:01 1462939                    /opt/jdk1.8.0_92/jre/lib/amd64/libverify.so
7f642da76000-7f642da78000 rw-p 0000d000 08:01 1462939                    /opt/jdk1.8.0_92/jre/lib/amd64/libverify.so
7f642da78000-7f642da7f000 r-xp 00000000 08:01 525867                     /lib/x86_64-linux-gnu/librt-2.19.so
7f642da7f000-7f642dc7e000 ---p 00007000 08:01 525867                     /lib/x86_64-linux-gnu/librt-2.19.so
7f642dc7e000-7f642dc7f000 r--p 00006000 08:01 525867                     /lib/x86_64-linux-gnu/librt-2.19.so
7f642dc7f000-7f642dc80000 rw-p 00007000 08:01 525867                     /lib/x86_64-linux-gnu/librt-2.19.so
7f642dc80000-7f642dd80000 r-xp 00000000 08:01 525856                     /lib/x86_64-linux-gnu/libm-2.19.so
7f642dd80000-7f642df7f000 ---p 00100000 08:01 525856                     /lib/x86_64-linux-gnu/libm-2.19.so
7f642df7f000-7f642df80000 r--p 000ff000 08:01 525856                     /lib/x86_64-linux-gnu/libm-2.19.so
7f642df80000-7f642df81000 rw-p 00100000 08:01 525856                     /lib/x86_64-linux-gnu/libm-2.19.so
7f642df81000-7f642ec44000 r-xp 00000000 08:01 1454435                    /opt/jdk1.8.0_92/jre/lib/amd64/server/libjvm.so
7f642ec44000-7f642ee43000 ---p 00cc3000 08:01 1454435                    /opt/jdk1.8.0_92/jre/lib/amd64/server/libjvm.so
7f642ee43000-7f642ef1c000 rw-p 00cc2000 08:01 1454435                    /opt/jdk1.8.0_92/jre/lib/amd64/server/libjvm.so
7f642ef1c000-7f642ef67000 rw-p 00000000 00:00 0 
7f642ef67000-7f642f109000 r-xp 00000000 08:01 525852                     /lib/x86_64-linux-gnu/libc-2.19.so
7f642f109000-7f642f308000 ---p 001a2000 08:01 525852                     /lib/x86_64-linux-gnu/libc-2.19.so
7f642f308000-7f642f30c000 r--p 001a1000 08:01 525852                     /lib/x86_64-linux-gnu/libc-2.19.so
7f642f30c000-7f642f30e000 rw-p 001a5000 08:01 525852                     /lib/x86_64-linux-gnu/libc-2.19.so
7f642f30e000-7f642f312000 rw-p 00000000 00:00 0 
7f642f312000-7f642f315000 r-xp 00000000 08:01 525855                     /lib/x86_64-linux-gnu/libdl-2.19.so
7f642f315000-7f642f514000 ---p 00003000 08:01 525855                     /lib/x86_64-linux-gnu/libdl-2.19.so
7f642f514000-7f642f515000 r--p 00002000 08:01 525855                     /lib/x86_64-linux-gnu/libdl-2.19.so
7f642f515000-7f642f516000 rw-p 00003000 08:01 525855                     /lib/x86_64-linux-gnu/libdl-2.19.so
7f642f516000-7f642f52b000 r-xp 00000000 08:01 1073847                    /opt/jdk1.8.0_92/lib/amd64/jli/libjli.so
7f642f52b000-7f642f72b000 ---p 00015000 08:01 1073847                    /opt/jdk1.8.0_92/lib/amd64/jli/libjli.so
7f642f72b000-7f642f72c000 rw-p 00015000 08:01 1073847                    /opt/jdk1.8.0_92/lib/amd64/jli/libjli.so
7f642f72c000-7f642f744000 r-xp 00000000 08:01 525848                     /lib/x86_64-linux-gnu/libpthread-2.19.so
7f642f744000-7f642f943000 ---p 00018000 08:01 525848                     /lib/x86_64-linux-gnu/libpthread-2.19.so
7f642f943000-7f642f944000 r--p 00017000 08:01 525848                     /lib/x86_64-linux-gnu/libpthread-2.19.so
7f642f944000-7f642f945000 rw-p 00018000 08:01 525848                     /lib/x86_64-linux-gnu/libpthread-2.19.so
7f642f945000-7f642f949000 rw-p 00000000 00:00 0 
7f642f949000-7f642f969000 r-xp 00000000 08:01 525849                     /lib/x86_64-linux-gnu/ld-2.19.so
7f642f96d000-7f642f96e000 rw-p 00000000 00:00 0 
7f642f96e000-7f642f96f000 r--p 00000000 08:01 1720623                    /usr/lib/locale/zu_ZA.utf8/LC_NUMERIC
7f642f96f000-7f642f970000 r--p 00000000 08:01 1734787                    /usr/lib/locale/en_US.utf8/LC_TIME
7f642f970000-7f642f971000 r--p 00000000 08:01 1734785                    /usr/lib/locale/en_US.utf8/LC_MONETARY
7f642f971000-7f642fa36000 rw-p 00000000 00:00 0 
7f642fa36000-7f642fa39000 ---p 00000000 00:00 0 
7f642fa39000-7f642fb3b000 rw-p 00000000 00:00 0                          [stack:11253]
7f642fb3b000-7f642fb3c000 r--p 00000000 08:01 1720986                    /usr/lib/locale/ug_CN/LC_MESSAGES/SYS_LC_MESSAGES
7f642fb3c000-7f642fb3d000 r--p 00000000 08:01 1720801                    /usr/lib/locale/yi_US.utf8/LC_PAPER
7f642fb3d000-7f642fb3e000 r--p 00000000 08:01 1720799                    /usr/lib/locale/yi_US.utf8/LC_NAME
7f642fb3e000-7f642fb3f000 r--p 00000000 08:01 1734783                    /usr/lib/locale/en_US.utf8/LC_ADDRESS
7f642fb3f000-7f642fb40000 r--p 00000000 08:01 1720797                    /usr/lib/locale/yi_US.utf8/LC_TELEPHONE
7f642fb40000-7f642fb41000 r--p 00000000 08:01 1720795                    /usr/lib/locale/yi_US.utf8/LC_MEASUREMENT
7f642fb41000-7f642fb48000 r--s 00000000 08:01 1055297                    /usr/lib/x86_64-linux-gnu/gconv/gconv-modules.cache
7f642fb48000-7f642fb49000 r--p 00000000 08:01 1734781                    /usr/lib/locale/en_US.utf8/LC_IDENTIFICATION
7f642fb49000-7f642fb5d000 rw-p 00000000 00:00 0 
7f642fb5d000-7f642fb65000 rw-s 00000000 08:01 808225                     /tmp/hsperfdata_root/11251
7f642fb65000-7f642fb66000 rw-p 00000000 00:00 0 
7f642fb66000-7f642fb67000 ---p 00000000 00:00 0 
7f642fb67000-7f642fb69000 rw-p 00000000 00:00 0 
7f642fb69000-7f642fb6a000 r--p 00020000 08:01 525849                     /lib/x86_64-linux-gnu/ld-2.19.so
7f642fb6a000-7f642fb6b000 rw-p 00021000 08:01 525849                     /lib/x86_64-linux-gnu/ld-2.19.so
7f642fb6b000-7f642fb6c000 rw-p 00000000 00:00 0 
7ffeed3df000-7ffeed400000 rw-p 00000000 00:00 0                          [stack]
7ffeed512000-7ffeed514000 r--p 00000000 00:00 0                          [vvar]
7ffeed514000-7ffeed516000 r-xp 00000000 00:00 0                          [vdso]
ffffffffff600000-ffffffffff601000 r-xp 00000000 00:00 0                  [vsyscall]

VM Arguments:
jvm_args: -Djava.awt.headless=true -Xmx1024M -Dfile.encoding=UTF-8 -Duser.country=US -Duser.language=en -Duser.variant 
java_command: com.android.dx.command.Main --dex --force-jumbo --num-threads=4 --multi-dex --output /home/macbookpro/ListMe/app/build/intermediates/transforms/dex/debug/folders/1000/10/com.android.support-support-v4-23.4.0_38ca0c9482553d70a78d62f734113815ade429be /home/macbookpro/ListMe/app/build/intermediates/exploded-aar/com.android.support/support-v4/23.4.0/jars/classes.jar
java_class_path (initial): /root/Android/Sdk/build-tools/23.0.3/lib/dx.jar
Launcher Type: SUN_STANDARD

Environment Variables:
PATH=/usr/local/sbin:/usr/local/bin:/usr/sbin:/usr/bin:/sbin:/bin
USERNAME=root
LD_LIBRARY_PATH=.:
SHELL=/bin/bash
DISPLAY=:0

Signal Handlers:
SIGSEGV: [libjvm.so+0xabdee0], sa_mask[0]=11111111011111111101111111111110, sa_flags=SA_RESTART|SA_SIGINFO
SIGBUS: [libjvm.so+0xabdee0], sa_mask[0]=11111111011111111101111111111110, sa_flags=SA_RESTART|SA_SIGINFO
SIGFPE: [libjvm.so+0x91a580], sa_mask[0]=11111111011111111101111111111110, sa_flags=SA_RESTART|SA_SIGINFO
SIGPIPE: [libjvm.so+0x91a580], sa_mask[0]=11111111011111111101111111111110, sa_flags=SA_RESTART|SA_SIGINFO
SIGXFSZ: [libjvm.so+0x91a580], sa_mask[0]=11111111011111111101111111111110, sa_flags=SA_RESTART|SA_SIGINFO
SIGILL: [libjvm.so+0x91a580], sa_mask[0]=11111111011111111101111111111110, sa_flags=SA_RESTART|SA_SIGINFO
SIGUSR1: SIG_DFL, sa_mask[0]=00000000000000000000000000000000, sa_flags=none
SIGUSR2: [libjvm.so+0x91bbb0], sa_mask[0]=00100000000000000000000000000000, sa_flags=SA_RESTART|SA_SIGINFO
SIGHUP: [libjvm.so+0x91cfb0], sa_mask[0]=11111111011111111101111111111110, sa_flags=SA_RESTART|SA_SIGINFO
SIGINT: [libjvm.so+0x91cfb0], sa_mask[0]=11111111011111111101111111111110, sa_flags=SA_RESTART|SA_SIGINFO
SIGTERM: [libjvm.so+0x91cfb0], sa_mask[0]=11111111011111111101111111111110, sa_flags=SA_RESTART|SA_SIGINFO
SIGQUIT: [libjvm.so+0x91cfb0], sa_mask[0]=11111111011111111101111111111110, sa_flags=SA_RESTART|SA_SIGINFO


---------------  S Y S T E M  ---------------

OS:DISTRIB_ID=Kali
DISTRIB_RELEASE=2.0
DISTRIB_CODENAME=sana
DISTRIB_DESCRIPTION="Kali GNU/Linux 2.0"

uname:Linux 4.0.0-kali1-amd64 #1 SMP Debian 4.0.4-1+kali2 (2015-06-03) x86_64
libc:glibc 2.19 NPTL 2.19 
rlimit: STACK 8192k, CORE 0k, NPROC 15268, NOFILE 65536, AS infinity
load average:7.76 3.46 1.60

/proc/meminfo:
MemTotal:        3930512 kB
MemFree:          154128 kB
MemAvailable:     113084 kB
Buffers:            2052 kB
Cached:           320248 kB
SwapCached:            0 kB
Active:          3351572 kB
Inactive:         271412 kB
Active(anon):    3328900 kB
Inactive(anon):   236324 kB
Active(file):      22672 kB
Inactive(file):    35088 kB
Unevictable:           0 kB
Mlocked:               0 kB
SwapTotal:             0 kB
SwapFree:              0 kB
Dirty:              3028 kB
Writeback:          3696 kB
AnonPages:       3301224 kB
Mapped:           101304 kB
Shmem:            264008 kB
Slab:              68532 kB
SReclaimable:      29088 kB
SUnreclaim:        39444 kB
KernelStack:       11024 kB
PageTables:        32264 kB
NFS_Unstable:          0 kB
Bounce:                0 kB
WritebackTmp:          0 kB
CommitLimit:     1965256 kB
Committed_AS:    6909756 kB
VmallocTotal:   34359738367 kB
VmallocUsed:      555740 kB
VmallocChunk:   34359107600 kB
HardwareCorrupted:     0 kB
AnonHugePages:         0 kB
HugePages_Total:       0
HugePages_Free:        0
HugePages_Rsvd:        0
HugePages_Surp:        0
Hugepagesize:       2048 kB
DirectMap4k:      147280 kB
DirectMap2M:     3926016 kB


CPU:total 4 (2 cores per cpu, 2 threads per core) family 6 model 58 stepping 9, cmov, cx8, fxsr, mmx, sse, sse2, sse3, ssse3, sse4.1, sse4.2, popcnt, avx, aes, clmul, erms, ht, tsc, tscinvbit, tscinv

/proc/cpuinfo:
processor	: 0
vendor_id	: GenuineIntel
cpu family	: 6
model		: 58
model name	: Intel(R) Core(TM) i5-3210M CPU @ 2.50GHz
stepping	: 9
microcode	: 0x1b
cpu MHz		: 1202.539
cache size	: 3072 KB
physical id	: 0
siblings	: 4
core id		: 0
cpu cores	: 2
apicid		: 0
initial apicid	: 0
fpu		: yes
fpu_exception	: yes
cpuid level	: 13
wp		: yes
flags		: fpu vme de pse tsc msr pae mce cx8 apic sep mtrr pge mca cmov pat pse36 clflush dts acpi mmx fxsr sse sse2 ss ht tm pbe syscall nx rdtscp lm constant_tsc arch_perfmon pebs bts rep_good nopl xtopology nonstop_tsc aperfmperf eagerfpu pni pclmulqdq dtes64 monitor ds_cpl vmx est tm2 ssse3 cx16 xtpr pdcm pcid sse4_1 sse4_2 x2apic popcnt tsc_deadline_timer aes xsave avx f16c rdrand lahf_lm ida arat epb pln pts dtherm tpr_shadow vnmi flexpriority ept vpid fsgsbase smep erms xsaveopt
bugs		:
bogomips	: 4988.54
clflush size	: 64
cache_alignment	: 64
address sizes	: 36 bits physical, 48 bits virtual
power management:

processor	: 1
vendor_id	: GenuineIntel
cpu family	: 6
model		: 58
model name	: Intel(R) Core(TM) i5-3210M CPU @ 2.50GHz
stepping	: 9
microcode	: 0x1b
cpu MHz		: 1499.511
cache size	: 3072 KB
physical id	: 0
siblings	: 4
core id		: 0
cpu cores	: 2
apicid		: 1
initial apicid	: 1
fpu		: yes
fpu_exception	: yes
cpuid level	: 13
wp		: yes
flags		: fpu vme de pse tsc msr pae mce cx8 apic sep mtrr pge mca cmov pat pse36 clflush dts acpi mmx fxsr sse sse2 ss ht tm pbe syscall nx rdtscp lm constant_tsc arch_perfmon pebs bts rep_good nopl xtopology nonstop_tsc aperfmperf eagerfpu pni pclmulqdq dtes64 monitor ds_cpl vmx est tm2 ssse3 cx16 xtpr pdcm pcid sse4_1 sse4_2 x2apic popcnt tsc_deadline_timer aes xsave avx f16c rdrand lahf_lm ida arat epb pln pts dtherm tpr_shadow vnmi flexpriority ept vpid fsgsbase smep erms xsaveopt
bugs		:
bogomips	: 4988.54
clflush size	: 64
cache_alignment	: 64
address sizes	: 36 bits physical, 48 bits virtual
power management:

processor	: 2
vendor_id	: GenuineIntel
cpu family	: 6
model		: 58
model name	: Intel(R) Core(TM) i5-3210M CPU @ 2.50GHz
stepping	: 9
microcode	: 0x1b
cpu MHz		: 1298.046
cache size	: 3072 KB
physical id	: 0
siblings	: 4
core id		: 1
cpu cores	: 2
apicid		: 2
initial apicid	: 2
fpu		: yes
fpu_exception	: yes
cpuid level	: 13
wp		: yes
flags		: fpu vme de pse tsc msr pae mce cx8 apic sep mtrr pge mca cmov pat pse36 clflush dts acpi mmx fxsr sse sse2 ss ht tm pbe syscall nx rdtscp lm constant_tsc arch_perfmon pebs bts rep_good nopl xtopology nonstop_tsc aperfmperf eagerfpu pni pclmulqdq dtes64 monitor ds_cpl vmx est tm2 ssse3 cx16 xtpr pdcm pcid sse4_1 sse4_2 x2apic popcnt tsc_deadline_timer aes xsave avx f16c rdrand lahf_lm ida arat epb pln pts dtherm tpr_shadow vnmi flexpriority ept vpid fsgsbase smep erms xsaveopt
bugs		:
bogomips	: 4988.54
clflush size	: 64
cache_alignment	: 64
address sizes	: 36 bits physical, 48 bits virtual
power management:

processor	: 3
vendor_id	: GenuineIntel
cpu family	: 6
model		: 58
model name	: Intel(R) Core(TM) i5-3210M CPU @ 2.50GHz
stepping	: 9
microcode	: 0x1b
cpu MHz		: 1397.851
cache size	: 3072 KB
physical id	: 0
siblings	: 4
core id		: 1
cpu cores	: 2
apicid		: 3
initial apicid	: 3
fpu		: yes
fpu_exception	: yes
cpuid level	: 13
wp		: yes
flags		: fpu vme de pse tsc msr pae mce cx8 apic sep mtrr pge mca cmov pat pse36 clflush dts acpi mmx fxsr sse sse2 ss ht tm pbe syscall nx rdtscp lm constant_tsc arch_perfmon pebs bts rep_good nopl xtopology nonstop_tsc aperfmperf eagerfpu pni pclmulqdq dtes64 monitor ds_cpl vmx est tm2 ssse3 cx16 xtpr pdcm pcid sse4_1 sse4_2 x2apic popcnt tsc_deadline_timer aes xsave avx f16c rdrand lahf_lm ida arat epb pln pts dtherm tpr_shadow vnmi flexpriority ept vpid fsgsbase smep erms xsaveopt
bugs		:
bogomips	: 4988.54
clflush size	: 64
cache_alignment	: 64
address sizes	: 36 bits physical, 48 bits virtual
power management:



Memory: 4k page, physical 3930512k(154128k free), swap 0k(0k free)

vm_info: Java HotSpot(TM) 64-Bit Server VM (25.92-b14) for linux-amd64 JRE (1.8.0_92-b14), built on Mar 31 2016 21:08:29 by "java_re" with gcc 4.3.0 20080428 (Red Hat 4.3.0-8)

time: Mon Aug 29 20:12:02 2016
elapsed time: 11 seconds (0d 0h 0m 11s)

